Build output check failed:
    Regex: 'argument .* is not valid'
    Output line: 'cc1: warning: ‘-Werror=’ argument ‘-Werror=non-virtual-dtor’ is not valid for C'
Compilation failed:
    source file: '/home/pan/opencv-4.5.5/build/CMakeFiles/CMakeTmp/src.c'
    check option: ' -fsigned-char -W -Wall -Werror=return-type  -Werror=non-virtual-dtor'
===== BUILD LOG =====
Change Dir: /home/pan/opencv-4.5.5/build/CMakeFiles/CMakeTmp

Run Build Command(s):/usr/bin/make cmTC_3ded3/fast && /usr/bin/make -f CMakeFiles/cmTC_3ded3.dir/build.make CMakeFiles/cmTC_3ded3.dir/build
make[1]: Entering directory '/home/pan/opencv-4.5.5/build/CMakeFiles/CMakeTmp'
Building C object CMakeFiles/cmTC_3ded3.dir/src.c.o
/usr/bin/cc   -O3 -DNDEBUG -fPIE    -fsigned-char -W -Wall -Werror=return-type  -Werror=non-virtual-dtor -o CMakeFiles/cmTC_3ded3.dir/src.c.o   -c /home/pan/opencv-4.5.5/build/CMakeFiles/CMakeTmp/src.c
cc1: warning: ‘-Werror=’ argument ‘-Werror=non-virtual-dtor’ is not valid for C
/home/pan/opencv-4.5.5/build/CMakeFiles/CMakeTmp/src.c:1: warning: ignoring #pragma   [-Wunknown-pragmas]
    1 | #pragma
      | 
Linking C executable cmTC_3ded3
/usr/bin/cmake -E cmake_link_script CMakeFiles/cmTC_3ded3.dir/link.txt --verbose=1
/usr/bin/cc   -O3 -DNDEBUG    CMakeFiles/cmTC_3ded3.dir/src.c.o  -o cmTC_3ded3 
make[1]: Leaving directory '/home/pan/opencv-4.5.5/build/CMakeFiles/CMakeTmp'


===== END =====

Build output check failed:
    Regex: 'command[- ]line option .* is valid for .* but not for C\+\+'
    Output line: 'cc1plus: warning: command line option ‘-Wmissing-prototypes’ is valid for C/ObjC but not for C++'
Compilation failed:
    source file: '/home/pan/opencv-4.5.5/build/CMakeFiles/CMakeTmp/src.cxx'
    check option: ' -fsigned-char -W -Wall -Werror=return-type -Werror=non-virtual-dtor -Werror=address -Werror=sequence-point -Wformat -Werror=format-security -Wmissing-declarations  -Wmissing-prototypes'
===== BUILD LOG =====
Change Dir: /home/pan/opencv-4.5.5/build/CMakeFiles/CMakeTmp

Run Build Command(s):/usr/bin/make cmTC_c542c/fast && /usr/bin/make -f CMakeFiles/cmTC_c542c.dir/build.make CMakeFiles/cmTC_c542c.dir/build
make[1]: Entering directory '/home/pan/opencv-4.5.5/build/CMakeFiles/CMakeTmp'
Building CXX object CMakeFiles/cmTC_c542c.dir/src.cxx.o
/usr/bin/c++    -O3 -DNDEBUG -fPIE    -fsigned-char -W -Wall -Werror=return-type -Werror=non-virtual-dtor -Werror=address -Werror=sequence-point -Wformat -Werror=format-security -Wmissing-declarations  -Wmissing-prototypes -std=c++11 -o CMakeFiles/cmTC_c542c.dir/src.cxx.o -c /home/pan/opencv-4.5.5/build/CMakeFiles/CMakeTmp/src.cxx
cc1plus: warning: command line option ‘-Wmissing-prototypes’ is valid for C/ObjC but not for C++
/home/pan/opencv-4.5.5/build/CMakeFiles/CMakeTmp/src.cxx:1: warning: ignoring #pragma   [-Wunknown-pragmas]
    1 | #pragma
      | 
Linking CXX executable cmTC_c542c
/usr/bin/cmake -E cmake_link_script CMakeFiles/cmTC_c542c.dir/link.txt --verbose=1
/usr/bin/c++    -O3 -DNDEBUG    CMakeFiles/cmTC_c542c.dir/src.cxx.o  -o cmTC_c542c 
make[1]: Leaving directory '/home/pan/opencv-4.5.5/build/CMakeFiles/CMakeTmp'


===== END =====

Build output check failed:
    Regex: 'command[- ]line option .* is valid for .* but not for C\+\+'
    Output line: 'cc1plus: warning: command line option ‘-Wstrict-prototypes’ is valid for C/ObjC but not for C++'
Compilation failed:
    source file: '/home/pan/opencv-4.5.5/build/CMakeFiles/CMakeTmp/src.cxx'
    check option: ' -fsigned-char -W -Wall -Werror=return-type -Werror=non-virtual-dtor -Werror=address -Werror=sequence-point -Wformat -Werror=format-security -Wmissing-declarations  -Wstrict-prototypes'
===== BUILD LOG =====
Change Dir: /home/pan/opencv-4.5.5/build/CMakeFiles/CMakeTmp

Run Build Command(s):/usr/bin/make cmTC_935eb/fast && /usr/bin/make -f CMakeFiles/cmTC_935eb.dir/build.make CMakeFiles/cmTC_935eb.dir/build
make[1]: Entering directory '/home/pan/opencv-4.5.5/build/CMakeFiles/CMakeTmp'
Building CXX object CMakeFiles/cmTC_935eb.dir/src.cxx.o
/usr/bin/c++    -O3 -DNDEBUG -fPIE    -fsigned-char -W -Wall -Werror=return-type -Werror=non-virtual-dtor -Werror=address -Werror=sequence-point -Wformat -Werror=format-security -Wmissing-declarations  -Wstrict-prototypes -std=c++11 -o CMakeFiles/cmTC_935eb.dir/src.cxx.o -c /home/pan/opencv-4.5.5/build/CMakeFiles/CMakeTmp/src.cxx
cc1plus: warning: command line option ‘-Wstrict-prototypes’ is valid for C/ObjC but not for C++
/home/pan/opencv-4.5.5/build/CMakeFiles/CMakeTmp/src.cxx:1: warning: ignoring #pragma   [-Wunknown-pragmas]
    1 | #pragma
      | 
Linking CXX executable cmTC_935eb
/usr/bin/cmake -E cmake_link_script CMakeFiles/cmTC_935eb.dir/link.txt --verbose=1
/usr/bin/c++    -O3 -DNDEBUG    CMakeFiles/cmTC_935eb.dir/src.cxx.o  -o cmTC_935eb 
make[1]: Leaving directory '/home/pan/opencv-4.5.5/build/CMakeFiles/CMakeTmp'


===== END =====

Build output check failed:
    Regex: 'command[- ]line option .* is valid for .* but not for C'
    Output line: 'cc1: warning: command line option ‘-Wsign-promo’ is valid for C++/ObjC++ but not for C'
Compilation failed:
    source file: '/home/pan/opencv-4.5.5/build/CMakeFiles/CMakeTmp/src.c'
    check option: ' -fsigned-char -W -Wall -Werror=return-type -Werror=address -Werror=sequence-point -Wformat -Werror=format-security -Wmissing-declarations -Wmissing-prototypes -Wstrict-prototypes -Wundef -Winit-self -Wpointer-arith -Wshadow  -Wsign-promo'
===== BUILD LOG =====
Change Dir: /home/pan/opencv-4.5.5/build/CMakeFiles/CMakeTmp

Run Build Command(s):/usr/bin/make cmTC_bdd6f/fast && /usr/bin/make -f CMakeFiles/cmTC_bdd6f.dir/build.make CMakeFiles/cmTC_bdd6f.dir/build
make[1]: Entering directory '/home/pan/opencv-4.5.5/build/CMakeFiles/CMakeTmp'
Building C object CMakeFiles/cmTC_bdd6f.dir/src.c.o
/usr/bin/cc   -O3 -DNDEBUG -fPIE    -fsigned-char -W -Wall -Werror=return-type -Werror=address -Werror=sequence-point -Wformat -Werror=format-security -Wmissing-declarations -Wmissing-prototypes -Wstrict-prototypes -Wundef -Winit-self -Wpointer-arith -Wshadow  -Wsign-promo -o CMakeFiles/cmTC_bdd6f.dir/src.c.o   -c /home/pan/opencv-4.5.5/build/CMakeFiles/CMakeTmp/src.c
cc1: warning: command line option ‘-Wsign-promo’ is valid for C++/ObjC++ but not for C
/home/pan/opencv-4.5.5/build/CMakeFiles/CMakeTmp/src.c:1: warning: ignoring #pragma   [-Wunknown-pragmas]
    1 | #pragma
      | 
Linking C executable cmTC_bdd6f
/usr/bin/cmake -E cmake_link_script CMakeFiles/cmTC_bdd6f.dir/link.txt --verbose=1
/usr/bin/cc   -O3 -DNDEBUG    CMakeFiles/cmTC_bdd6f.dir/src.c.o  -o cmTC_bdd6f 
make[1]: Leaving directory '/home/pan/opencv-4.5.5/build/CMakeFiles/CMakeTmp'


===== END =====

Build output check failed:
    Regex: 'command[- ]line option .* is valid for .* but not for C'
    Output line: 'cc1: warning: command line option ‘-Wsuggest-override’ is valid for C++/ObjC++ but not for C'
Compilation failed:
    source file: '/home/pan/opencv-4.5.5/build/CMakeFiles/CMakeTmp/src.c'
    check option: ' -fsigned-char -W -Wall -Werror=return-type -Werror=address -Werror=sequence-point -Wformat -Werror=format-security -Wmissing-declarations -Wmissing-prototypes -Wstrict-prototypes -Wundef -Winit-self -Wpointer-arith -Wshadow -Wuninitialized  -Wsuggest-override'
===== BUILD LOG =====
Change Dir: /home/pan/opencv-4.5.5/build/CMakeFiles/CMakeTmp

Run Build Command(s):/usr/bin/make cmTC_c5285/fast && /usr/bin/make -f CMakeFiles/cmTC_c5285.dir/build.make CMakeFiles/cmTC_c5285.dir/build
make[1]: Entering directory '/home/pan/opencv-4.5.5/build/CMakeFiles/CMakeTmp'
Building C object CMakeFiles/cmTC_c5285.dir/src.c.o
/usr/bin/cc   -O3 -DNDEBUG -fPIE    -fsigned-char -W -Wall -Werror=return-type -Werror=address -Werror=sequence-point -Wformat -Werror=format-security -Wmissing-declarations -Wmissing-prototypes -Wstrict-prototypes -Wundef -Winit-self -Wpointer-arith -Wshadow -Wuninitialized  -Wsuggest-override -o CMakeFiles/cmTC_c5285.dir/src.c.o   -c /home/pan/opencv-4.5.5/build/CMakeFiles/CMakeTmp/src.c
cc1: warning: command line option ‘-Wsuggest-override’ is valid for C++/ObjC++ but not for C
/home/pan/opencv-4.5.5/build/CMakeFiles/CMakeTmp/src.c:1: warning: ignoring #pragma   [-Wunknown-pragmas]
    1 | #pragma
      | 
Linking C executable cmTC_c5285
/usr/bin/cmake -E cmake_link_script CMakeFiles/cmTC_c5285.dir/link.txt --verbose=1
/usr/bin/cc   -O3 -DNDEBUG    CMakeFiles/cmTC_c5285.dir/src.c.o  -o cmTC_c5285 
make[1]: Leaving directory '/home/pan/opencv-4.5.5/build/CMakeFiles/CMakeTmp'


===== END =====

Build output check failed:
    Regex: 'command[- ]line option .* is valid for .* but not for C'
    Output line: 'cc1: warning: command line option ‘-Wno-delete-non-virtual-dtor’ is valid for C++/ObjC++ but not for C'
Compilation failed:
    source file: '/home/pan/opencv-4.5.5/build/CMakeFiles/CMakeTmp/src.c'
    check option: ' -fsigned-char -W -Wall -Werror=return-type -Werror=address -Werror=sequence-point -Wformat -Werror=format-security -Wmissing-declarations -Wmissing-prototypes -Wstrict-prototypes -Wundef -Winit-self -Wpointer-arith -Wshadow -Wuninitialized  -Wno-delete-non-virtual-dtor'
===== BUILD LOG =====
Change Dir: /home/pan/opencv-4.5.5/build/CMakeFiles/CMakeTmp

Run Build Command(s):/usr/bin/make cmTC_78b5c/fast && /usr/bin/make -f CMakeFiles/cmTC_78b5c.dir/build.make CMakeFiles/cmTC_78b5c.dir/build
make[1]: Entering directory '/home/pan/opencv-4.5.5/build/CMakeFiles/CMakeTmp'
Building C object CMakeFiles/cmTC_78b5c.dir/src.c.o
/usr/bin/cc   -O3 -DNDEBUG -fPIE    -fsigned-char -W -Wall -Werror=return-type -Werror=address -Werror=sequence-point -Wformat -Werror=format-security -Wmissing-declarations -Wmissing-prototypes -Wstrict-prototypes -Wundef -Winit-self -Wpointer-arith -Wshadow -Wuninitialized  -Wno-delete-non-virtual-dtor -o CMakeFiles/cmTC_78b5c.dir/src.c.o   -c /home/pan/opencv-4.5.5/build/CMakeFiles/CMakeTmp/src.c
cc1: warning: command line option ‘-Wno-delete-non-virtual-dtor’ is valid for C++/ObjC++ but not for C
/home/pan/opencv-4.5.5/build/CMakeFiles/CMakeTmp/src.c:1: warning: ignoring #pragma   [-Wunknown-pragmas]
    1 | #pragma
      | 
Linking C executable cmTC_78b5c
/usr/bin/cmake -E cmake_link_script CMakeFiles/cmTC_78b5c.dir/link.txt --verbose=1
/usr/bin/cc   -O3 -DNDEBUG    CMakeFiles/cmTC_78b5c.dir/src.c.o  -o cmTC_78b5c 
make[1]: Leaving directory '/home/pan/opencv-4.5.5/build/CMakeFiles/CMakeTmp'


===== END =====

Build output check failed:
    Regex: 'unrecognized .*option'
    Output line: 'cc1plus: warning: unrecognized command line option ‘-Wno-unnamed-type-template-args’'
Compilation failed:
    source file: '/home/pan/opencv-4.5.5/build/CMakeFiles/CMakeTmp/src.cxx'
    check option: ' -fsigned-char -W -Wall -Werror=return-type -Werror=non-virtual-dtor -Werror=address -Werror=sequence-point -Wformat -Werror=format-security -Wmissing-declarations -Wundef -Winit-self -Wpointer-arith -Wshadow -Wsign-promo -Wuninitialized -Wsuggest-override -Wno-delete-non-virtual-dtor  -Wno-unnamed-type-template-args'
===== BUILD LOG =====
Change Dir: /home/pan/opencv-4.5.5/build/CMakeFiles/CMakeTmp

Run Build Command(s):/usr/bin/make cmTC_f78b8/fast && /usr/bin/make -f CMakeFiles/cmTC_f78b8.dir/build.make CMakeFiles/cmTC_f78b8.dir/build
make[1]: Entering directory '/home/pan/opencv-4.5.5/build/CMakeFiles/CMakeTmp'
Building CXX object CMakeFiles/cmTC_f78b8.dir/src.cxx.o
/usr/bin/c++    -O3 -DNDEBUG -fPIE    -fsigned-char -W -Wall -Werror=return-type -Werror=non-virtual-dtor -Werror=address -Werror=sequence-point -Wformat -Werror=format-security -Wmissing-declarations -Wundef -Winit-self -Wpointer-arith -Wshadow -Wsign-promo -Wuninitialized -Wsuggest-override -Wno-delete-non-virtual-dtor  -Wno-unnamed-type-template-args -std=c++11 -o CMakeFiles/cmTC_f78b8.dir/src.cxx.o -c /home/pan/opencv-4.5.5/build/CMakeFiles/CMakeTmp/src.cxx
/home/pan/opencv-4.5.5/build/CMakeFiles/CMakeTmp/src.cxx:1: warning: ignoring #pragma   [-Wunknown-pragmas]
    1 | #pragma
      | 
cc1plus: warning: unrecognized command line option ‘-Wno-unnamed-type-template-args’
Linking CXX executable cmTC_f78b8
/usr/bin/cmake -E cmake_link_script CMakeFiles/cmTC_f78b8.dir/link.txt --verbose=1
/usr/bin/c++    -O3 -DNDEBUG    CMakeFiles/cmTC_f78b8.dir/src.cxx.o  -o cmTC_f78b8 
make[1]: Leaving directory '/home/pan/opencv-4.5.5/build/CMakeFiles/CMakeTmp'


===== END =====

Build output check failed:
    Regex: 'unrecognized .*option'
    Output line: 'cc1: warning: unrecognized command line option ‘-Wno-unnamed-type-template-args’'
Compilation failed:
    source file: '/home/pan/opencv-4.5.5/build/CMakeFiles/CMakeTmp/src.c'
    check option: ' -fsigned-char -W -Wall -Werror=return-type -Werror=address -Werror=sequence-point -Wformat -Werror=format-security -Wmissing-declarations -Wmissing-prototypes -Wstrict-prototypes -Wundef -Winit-self -Wpointer-arith -Wshadow -Wuninitialized  -Wno-unnamed-type-template-args'
===== BUILD LOG =====
Change Dir: /home/pan/opencv-4.5.5/build/CMakeFiles/CMakeTmp

Run Build Command(s):/usr/bin/make cmTC_1fb64/fast && /usr/bin/make -f CMakeFiles/cmTC_1fb64.dir/build.make CMakeFiles/cmTC_1fb64.dir/build
make[1]: Entering directory '/home/pan/opencv-4.5.5/build/CMakeFiles/CMakeTmp'
Building C object CMakeFiles/cmTC_1fb64.dir/src.c.o
/usr/bin/cc   -O3 -DNDEBUG -fPIE    -fsigned-char -W -Wall -Werror=return-type -Werror=address -Werror=sequence-point -Wformat -Werror=format-security -Wmissing-declarations -Wmissing-prototypes -Wstrict-prototypes -Wundef -Winit-self -Wpointer-arith -Wshadow -Wuninitialized  -Wno-unnamed-type-template-args -o CMakeFiles/cmTC_1fb64.dir/src.c.o   -c /home/pan/opencv-4.5.5/build/CMakeFiles/CMakeTmp/src.c
/home/pan/opencv-4.5.5/build/CMakeFiles/CMakeTmp/src.c:1: warning: ignoring #pragma   [-Wunknown-pragmas]
    1 | #pragma
      | 
cc1: warning: unrecognized command line option ‘-Wno-unnamed-type-template-args’
Linking C executable cmTC_1fb64
/usr/bin/cmake -E cmake_link_script CMakeFiles/cmTC_1fb64.dir/link.txt --verbose=1
/usr/bin/cc   -O3 -DNDEBUG    CMakeFiles/cmTC_1fb64.dir/src.c.o  -o cmTC_1fb64 
make[1]: Leaving directory '/home/pan/opencv-4.5.5/build/CMakeFiles/CMakeTmp'


===== END =====

Build output check failed:
    Regex: 'command[- ]line option .* is valid for .* but not for C'
    Output line: 'cc1: warning: command line option ‘-fvisibility-inlines-hidden’ is valid for C++/ObjC++ but not for C'
Compilation failed:
    source file: '/home/pan/opencv-4.5.5/build/CMakeFiles/CMakeTmp/src.c'
    check option: ' -fsigned-char -W -Wall -Werror=return-type -Werror=address -Werror=sequence-point -Wformat -Werror=format-security -Wmissing-declarations -Wmissing-prototypes -Wstrict-prototypes -Wundef -Winit-self -Wpointer-arith -Wshadow -Wuninitialized -Wno-comment -Wimplicit-fallthrough=3 -Wno-strict-overflow -fdiagnostics-show-option -pthread -fomit-frame-pointer -ffunction-sections -fdata-sections    -fvisibility=hidden  -fvisibility-inlines-hidden'
===== BUILD LOG =====
Change Dir: /home/pan/opencv-4.5.5/build/CMakeFiles/CMakeTmp

Run Build Command(s):/usr/bin/make cmTC_c7ebf/fast && /usr/bin/make -f CMakeFiles/cmTC_c7ebf.dir/build.make CMakeFiles/cmTC_c7ebf.dir/build
make[1]: Entering directory '/home/pan/opencv-4.5.5/build/CMakeFiles/CMakeTmp'
Building C object CMakeFiles/cmTC_c7ebf.dir/src.c.o
/usr/bin/cc   -O3 -DNDEBUG -fPIE    -fsigned-char -W -Wall -Werror=return-type -Werror=address -Werror=sequence-point -Wformat -Werror=format-security -Wmissing-declarations -Wmissing-prototypes -Wstrict-prototypes -Wundef -Winit-self -Wpointer-arith -Wshadow -Wuninitialized -Wno-comment -Wimplicit-fallthrough=3 -Wno-strict-overflow -fdiagnostics-show-option -pthread -fomit-frame-pointer -ffunction-sections -fdata-sections    -fvisibility=hidden  -fvisibility-inlines-hidden -o CMakeFiles/cmTC_c7ebf.dir/src.c.o   -c /home/pan/opencv-4.5.5/build/CMakeFiles/CMakeTmp/src.c
cc1: warning: command line option ‘-fvisibility-inlines-hidden’ is valid for C++/ObjC++ but not for C
/home/pan/opencv-4.5.5/build/CMakeFiles/CMakeTmp/src.c:1: warning: ignoring #pragma   [-Wunknown-pragmas]
    1 | #pragma
      | 
Linking C executable cmTC_c7ebf
/usr/bin/cmake -E cmake_link_script CMakeFiles/cmTC_c7ebf.dir/link.txt --verbose=1
/usr/bin/cc   -O3 -DNDEBUG    CMakeFiles/cmTC_c7ebf.dir/src.c.o  -o cmTC_c7ebf 
make[1]: Leaving directory '/home/pan/opencv-4.5.5/build/CMakeFiles/CMakeTmp'


===== END =====

Build output check failed:
    Regex: 'unrecognized .*option'
    Output line: 'cc1: warning: unrecognized command line option ‘-Wno-shorten-64-to-32’'
Compilation failed:
    source file: '/home/pan/opencv-4.5.5/build/CMakeFiles/CMakeTmp/src.c'
    check option: ' -Wno-shorten-64-to-32'
===== BUILD LOG =====
Change Dir: /home/pan/opencv-4.5.5/build/CMakeFiles/CMakeTmp

Run Build Command(s):/usr/bin/make cmTC_57e7e/fast && /usr/bin/make -f CMakeFiles/cmTC_57e7e.dir/build.make CMakeFiles/cmTC_57e7e.dir/build
make[1]: Entering directory '/home/pan/opencv-4.5.5/build/CMakeFiles/CMakeTmp'
Building C object CMakeFiles/cmTC_57e7e.dir/src.c.o
/usr/bin/cc   -fsigned-char -W -Wall -Werror=return-type -Werror=address -Werror=sequence-point -Wformat -Werror=format-security -Wmissing-declarations -Wmissing-prototypes -Wstrict-prototypes -Wundef -Winit-self -Wpointer-arith -Wshadow -Wuninitialized -Wno-comment -Wimplicit-fallthrough=3 -Wno-strict-overflow -fdiagnostics-show-option -pthread -fomit-frame-pointer -ffunction-sections -fdata-sections    -fvisibility=hidden -Wno-unused-parameter -Wno-sign-compare  -O3 -DNDEBUG  -DNDEBUG -fPIE    -Wno-shorten-64-to-32 -o CMakeFiles/cmTC_57e7e.dir/src.c.o   -c /home/pan/opencv-4.5.5/build/CMakeFiles/CMakeTmp/src.c
/home/pan/opencv-4.5.5/build/CMakeFiles/CMakeTmp/src.c:1: warning: ignoring #pragma   [-Wunknown-pragmas]
    1 | #pragma
      | 
cc1: warning: unrecognized command line option ‘-Wno-shorten-64-to-32’
Linking C executable cmTC_57e7e
/usr/bin/cmake -E cmake_link_script CMakeFiles/cmTC_57e7e.dir/link.txt --verbose=1
/usr/bin/cc    -fsigned-char -W -Wall -Werror=return-type -Werror=address -Werror=sequence-point -Wformat -Werror=format-security -Wmissing-declarations -Wmissing-prototypes -Wstrict-prototypes -Wundef -Winit-self -Wpointer-arith -Wshadow -Wuninitialized -Wno-comment -Wimplicit-fallthrough=3 -Wno-strict-overflow -fdiagnostics-show-option -pthread -fomit-frame-pointer -ffunction-sections -fdata-sections    -fvisibility=hidden -Wno-unused-parameter -Wno-sign-compare  -O3 -DNDEBUG  -DNDEBUG    -Wl,--gc-sections -Wl,--as-needed  CMakeFiles/cmTC_57e7e.dir/src.c.o  -o cmTC_57e7e 
make[1]: Leaving directory '/home/pan/opencv-4.5.5/build/CMakeFiles/CMakeTmp'


===== END =====

Determining if the include file io.h exists failed with the following output:
Change Dir: /home/pan/opencv-4.5.5/build/CMakeFiles/CMakeTmp

Run Build Command(s):/usr/bin/make cmTC_93fd4/fast && /usr/bin/make -f CMakeFiles/cmTC_93fd4.dir/build.make CMakeFiles/cmTC_93fd4.dir/build
make[1]: Entering directory '/home/pan/opencv-4.5.5/build/CMakeFiles/CMakeTmp'
Building C object CMakeFiles/cmTC_93fd4.dir/CheckIncludeFile.c.o
/usr/bin/cc   -fsigned-char -W -Wall -Werror=return-type -Werror=address -Werror=sequence-point -Wformat -Werror=format-security -Wmissing-declarations -Wmissing-prototypes -Wstrict-prototypes -Wundef -Winit-self -Wpointer-arith -Wshadow -Wuninitialized -Wno-comment -Wimplicit-fallthrough=3 -Wno-strict-overflow -fdiagnostics-show-option -pthread -fomit-frame-pointer -ffunction-sections -fdata-sections    -fvisibility=hidden  -O3 -DNDEBUG  -DNDEBUG -fPIE   -o CMakeFiles/cmTC_93fd4.dir/CheckIncludeFile.c.o   -c /home/pan/opencv-4.5.5/build/CMakeFiles/CMakeTmp/CheckIncludeFile.c
/home/pan/opencv-4.5.5/build/CMakeFiles/CMakeTmp/CheckIncludeFile.c:1:10: fatal error: io.h: No such file or directory
    1 | #include <io.h>
      |          ^~~~~~
compilation terminated.
make[1]: *** [CMakeFiles/cmTC_93fd4.dir/build.make:66: CMakeFiles/cmTC_93fd4.dir/CheckIncludeFile.c.o] Error 1
make[1]: Leaving directory '/home/pan/opencv-4.5.5/build/CMakeFiles/CMakeTmp'
make: *** [Makefile:121: cmTC_93fd4/fast] Error 2



Determining size of INT8 failed with the following output:
Change Dir: /home/pan/opencv-4.5.5/build/CMakeFiles/CMakeTmp

Run Build Command(s):/usr/bin/make cmTC_e894a/fast && /usr/bin/make -f CMakeFiles/cmTC_e894a.dir/build.make CMakeFiles/cmTC_e894a.dir/build
make[1]: Entering directory '/home/pan/opencv-4.5.5/build/CMakeFiles/CMakeTmp'
Building C object CMakeFiles/cmTC_e894a.dir/int8.c.o
/usr/bin/cc   -fsigned-char -W -Wall -Werror=return-type -Werror=address -Werror=sequence-point -Wformat -Werror=format-security -Wmissing-declarations -Wmissing-prototypes -Wstrict-prototypes -Wundef -Winit-self -Wpointer-arith -Wshadow -Wuninitialized -Wno-comment -Wimplicit-fallthrough=3 -Wno-strict-overflow -fdiagnostics-show-option -pthread -fomit-frame-pointer -ffunction-sections -fdata-sections    -fvisibility=hidden  -O3 -DNDEBUG  -DNDEBUG -fPIE   -o CMakeFiles/cmTC_e894a.dir/int8.c.o   -c /home/pan/opencv-4.5.5/build/CMakeFiles/CheckTypeSize/int8.c
/home/pan/opencv-4.5.5/build/CMakeFiles/CheckTypeSize/int8.c:23:22: error: ‘INT8’ undeclared here (not in a function); did you mean ‘INT8_C’?
   23 | #define SIZE (sizeof(INT8))
      |                      ^~~~
/home/pan/opencv-4.5.5/build/CMakeFiles/CheckTypeSize/int8.c:25:12: note: in expansion of macro ‘SIZE’
   25 |   ('0' + ((SIZE / 10000)%10)),
      |            ^~~~
make[1]: *** [CMakeFiles/cmTC_e894a.dir/build.make:66: CMakeFiles/cmTC_e894a.dir/int8.c.o] Error 1
make[1]: Leaving directory '/home/pan/opencv-4.5.5/build/CMakeFiles/CMakeTmp'
make: *** [Makefile:121: cmTC_e894a/fast] Error 2


/home/pan/opencv-4.5.5/build/CMakeFiles/CheckTypeSize/int8.c:
#include <sys/types.h>
#include <stdint.h>
#include <stddef.h>


#undef KEY
#if defined(__i386)
# define KEY '_','_','i','3','8','6'
#elif defined(__x86_64)
# define KEY '_','_','x','8','6','_','6','4'
#elif defined(__ppc__)
# define KEY '_','_','p','p','c','_','_'
#elif defined(__ppc64__)
# define KEY '_','_','p','p','c','6','4','_','_'
#elif defined(__aarch64__)
# define KEY '_','_','a','a','r','c','h','6','4','_','_'
#elif defined(__ARM_ARCH_7A__)
# define KEY '_','_','A','R','M','_','A','R','C','H','_','7','A','_','_'
#elif defined(__ARM_ARCH_7S__)
# define KEY '_','_','A','R','M','_','A','R','C','H','_','7','S','_','_'
#endif

#define SIZE (sizeof(INT8))
static char info_size[] =  {'I', 'N', 'F', 'O', ':', 's','i','z','e','[',
  ('0' + ((SIZE / 10000)%10)),
  ('0' + ((SIZE / 1000)%10)),
  ('0' + ((SIZE / 100)%10)),
  ('0' + ((SIZE / 10)%10)),
  ('0' +  (SIZE    % 10)),
  ']',
#ifdef KEY
  ' ','k','e','y','[', KEY, ']',
#endif
  '\0'};

#ifdef __CLASSIC_C__
int main(argc, argv) int argc; char *argv[];
#else
int main(int argc, char *argv[])
#endif
{
  int require = 0;
  require += info_size[argc];
  (void)argv;
  return require;
}


Determining size of INT16 failed with the following output:
Change Dir: /home/pan/opencv-4.5.5/build/CMakeFiles/CMakeTmp

Run Build Command(s):/usr/bin/make cmTC_67827/fast && /usr/bin/make -f CMakeFiles/cmTC_67827.dir/build.make CMakeFiles/cmTC_67827.dir/build
make[1]: Entering directory '/home/pan/opencv-4.5.5/build/CMakeFiles/CMakeTmp'
Building C object CMakeFiles/cmTC_67827.dir/int16.c.o
/usr/bin/cc   -fsigned-char -W -Wall -Werror=return-type -Werror=address -Werror=sequence-point -Wformat -Werror=format-security -Wmissing-declarations -Wmissing-prototypes -Wstrict-prototypes -Wundef -Winit-self -Wpointer-arith -Wshadow -Wuninitialized -Wno-comment -Wimplicit-fallthrough=3 -Wno-strict-overflow -fdiagnostics-show-option -pthread -fomit-frame-pointer -ffunction-sections -fdata-sections    -fvisibility=hidden  -O3 -DNDEBUG  -DNDEBUG -fPIE   -o CMakeFiles/cmTC_67827.dir/int16.c.o   -c /home/pan/opencv-4.5.5/build/CMakeFiles/CheckTypeSize/int16.c
/home/pan/opencv-4.5.5/build/CMakeFiles/CheckTypeSize/int16.c:23:22: error: ‘INT16’ undeclared here (not in a function); did you mean ‘INT16_C’?
   23 | #define SIZE (sizeof(INT16))
      |                      ^~~~~
/home/pan/opencv-4.5.5/build/CMakeFiles/CheckTypeSize/int16.c:25:12: note: in expansion of macro ‘SIZE’
   25 |   ('0' + ((SIZE / 10000)%10)),
      |            ^~~~
make[1]: *** [CMakeFiles/cmTC_67827.dir/build.make:66: CMakeFiles/cmTC_67827.dir/int16.c.o] Error 1
make[1]: Leaving directory '/home/pan/opencv-4.5.5/build/CMakeFiles/CMakeTmp'
make: *** [Makefile:121: cmTC_67827/fast] Error 2


/home/pan/opencv-4.5.5/build/CMakeFiles/CheckTypeSize/int16.c:
#include <sys/types.h>
#include <stdint.h>
#include <stddef.h>


#undef KEY
#if defined(__i386)
# define KEY '_','_','i','3','8','6'
#elif defined(__x86_64)
# define KEY '_','_','x','8','6','_','6','4'
#elif defined(__ppc__)
# define KEY '_','_','p','p','c','_','_'
#elif defined(__ppc64__)
# define KEY '_','_','p','p','c','6','4','_','_'
#elif defined(__aarch64__)
# define KEY '_','_','a','a','r','c','h','6','4','_','_'
#elif defined(__ARM_ARCH_7A__)
# define KEY '_','_','A','R','M','_','A','R','C','H','_','7','A','_','_'
#elif defined(__ARM_ARCH_7S__)
# define KEY '_','_','A','R','M','_','A','R','C','H','_','7','S','_','_'
#endif

#define SIZE (sizeof(INT16))
static char info_size[] =  {'I', 'N', 'F', 'O', ':', 's','i','z','e','[',
  ('0' + ((SIZE / 10000)%10)),
  ('0' + ((SIZE / 1000)%10)),
  ('0' + ((SIZE / 100)%10)),
  ('0' + ((SIZE / 10)%10)),
  ('0' +  (SIZE    % 10)),
  ']',
#ifdef KEY
  ' ','k','e','y','[', KEY, ']',
#endif
  '\0'};

#ifdef __CLASSIC_C__
int main(argc, argv) int argc; char *argv[];
#else
int main(int argc, char *argv[])
#endif
{
  int require = 0;
  require += info_size[argc];
  (void)argv;
  return require;
}


Determining size of INT32 failed with the following output:
Change Dir: /home/pan/opencv-4.5.5/build/CMakeFiles/CMakeTmp

Run Build Command(s):/usr/bin/make cmTC_5d865/fast && /usr/bin/make -f CMakeFiles/cmTC_5d865.dir/build.make CMakeFiles/cmTC_5d865.dir/build
make[1]: Entering directory '/home/pan/opencv-4.5.5/build/CMakeFiles/CMakeTmp'
Building C object CMakeFiles/cmTC_5d865.dir/int32.c.o
/usr/bin/cc   -fsigned-char -W -Wall -Werror=return-type -Werror=address -Werror=sequence-point -Wformat -Werror=format-security -Wmissing-declarations -Wmissing-prototypes -Wstrict-prototypes -Wundef -Winit-self -Wpointer-arith -Wshadow -Wuninitialized -Wno-comment -Wimplicit-fallthrough=3 -Wno-strict-overflow -fdiagnostics-show-option -pthread -fomit-frame-pointer -ffunction-sections -fdata-sections    -fvisibility=hidden  -O3 -DNDEBUG  -DNDEBUG -fPIE   -o CMakeFiles/cmTC_5d865.dir/int32.c.o   -c /home/pan/opencv-4.5.5/build/CMakeFiles/CheckTypeSize/int32.c
/home/pan/opencv-4.5.5/build/CMakeFiles/CheckTypeSize/int32.c:23:22: error: ‘INT32’ undeclared here (not in a function); did you mean ‘INT32_C’?
   23 | #define SIZE (sizeof(INT32))
      |                      ^~~~~
/home/pan/opencv-4.5.5/build/CMakeFiles/CheckTypeSize/int32.c:25:12: note: in expansion of macro ‘SIZE’
   25 |   ('0' + ((SIZE / 10000)%10)),
      |            ^~~~
make[1]: *** [CMakeFiles/cmTC_5d865.dir/build.make:66: CMakeFiles/cmTC_5d865.dir/int32.c.o] Error 1
make[1]: Leaving directory '/home/pan/opencv-4.5.5/build/CMakeFiles/CMakeTmp'
make: *** [Makefile:121: cmTC_5d865/fast] Error 2


/home/pan/opencv-4.5.5/build/CMakeFiles/CheckTypeSize/int32.c:
#include <sys/types.h>
#include <stdint.h>
#include <stddef.h>


#undef KEY
#if defined(__i386)
# define KEY '_','_','i','3','8','6'
#elif defined(__x86_64)
# define KEY '_','_','x','8','6','_','6','4'
#elif defined(__ppc__)
# define KEY '_','_','p','p','c','_','_'
#elif defined(__ppc64__)
# define KEY '_','_','p','p','c','6','4','_','_'
#elif defined(__aarch64__)
# define KEY '_','_','a','a','r','c','h','6','4','_','_'
#elif defined(__ARM_ARCH_7A__)
# define KEY '_','_','A','R','M','_','A','R','C','H','_','7','A','_','_'
#elif defined(__ARM_ARCH_7S__)
# define KEY '_','_','A','R','M','_','A','R','C','H','_','7','S','_','_'
#endif

#define SIZE (sizeof(INT32))
static char info_size[] =  {'I', 'N', 'F', 'O', ':', 's','i','z','e','[',
  ('0' + ((SIZE / 10000)%10)),
  ('0' + ((SIZE / 1000)%10)),
  ('0' + ((SIZE / 100)%10)),
  ('0' + ((SIZE / 10)%10)),
  ('0' +  (SIZE    % 10)),
  ']',
#ifdef KEY
  ' ','k','e','y','[', KEY, ']',
#endif
  '\0'};

#ifdef __CLASSIC_C__
int main(argc, argv) int argc; char *argv[];
#else
int main(int argc, char *argv[])
#endif
{
  int require = 0;
  require += info_size[argc];
  (void)argv;
  return require;
}


Determining if the function setmode exists failed with the following output:
Change Dir: /home/pan/opencv-4.5.5/build/CMakeFiles/CMakeTmp

Run Build Command(s):/usr/bin/make cmTC_26bde/fast && /usr/bin/make -f CMakeFiles/cmTC_26bde.dir/build.make CMakeFiles/cmTC_26bde.dir/build
make[1]: Entering directory '/home/pan/opencv-4.5.5/build/CMakeFiles/CMakeTmp'
Building C object CMakeFiles/cmTC_26bde.dir/CheckFunctionExists.c.o
/usr/bin/cc   -fsigned-char -W -Wall -Werror=return-type -Werror=address -Werror=sequence-point -Wformat -Werror=format-security -Wmissing-declarations -Wmissing-prototypes -Wstrict-prototypes -Wundef -Winit-self -Wpointer-arith -Wshadow -Wuninitialized -Wno-comment -Wimplicit-fallthrough=3 -Wno-strict-overflow -fdiagnostics-show-option -pthread -fomit-frame-pointer -ffunction-sections -fdata-sections    -fvisibility=hidden -DCHECK_FUNCTION_EXISTS=setmode -O3 -DNDEBUG  -DNDEBUG -fPIE   -o CMakeFiles/cmTC_26bde.dir/CheckFunctionExists.c.o   -c /usr/share/cmake-3.16/Modules/CheckFunctionExists.c
Linking C executable cmTC_26bde
/usr/bin/cmake -E cmake_link_script CMakeFiles/cmTC_26bde.dir/link.txt --verbose=1
/usr/bin/cc    -fsigned-char -W -Wall -Werror=return-type -Werror=address -Werror=sequence-point -Wformat -Werror=format-security -Wmissing-declarations -Wmissing-prototypes -Wstrict-prototypes -Wundef -Winit-self -Wpointer-arith -Wshadow -Wuninitialized -Wno-comment -Wimplicit-fallthrough=3 -Wno-strict-overflow -fdiagnostics-show-option -pthread -fomit-frame-pointer -ffunction-sections -fdata-sections    -fvisibility=hidden -DCHECK_FUNCTION_EXISTS=setmode -O3 -DNDEBUG  -DNDEBUG    -Wl,--gc-sections -Wl,--as-needed  CMakeFiles/cmTC_26bde.dir/CheckFunctionExists.c.o  -o cmTC_26bde 
/usr/bin/ld: CMakeFiles/cmTC_26bde.dir/CheckFunctionExists.c.o: in function `main':
CheckFunctionExists.c:(.text.startup.main+0x10): undefined reference to `setmode'
collect2: error: ld returned 1 exit status
make[1]: *** [CMakeFiles/cmTC_26bde.dir/build.make:87: cmTC_26bde] Error 1
make[1]: Leaving directory '/home/pan/opencv-4.5.5/build/CMakeFiles/CMakeTmp'
make: *** [Makefile:121: cmTC_26bde/fast] Error 2



Build output check failed:
    Regex: 'command[- ]line option .* is valid for .* but not for C\+\+'
    Output line: 'cc1plus: warning: command line option ‘-Wno-missing-prototypes’ is valid for C/ObjC but not for C++'
Compilation failed:
    source file: '/home/pan/opencv-4.5.5/build/CMakeFiles/CMakeTmp/src.cxx'
    check option: ' -Wno-missing-prototypes'
===== BUILD LOG =====
Change Dir: /home/pan/opencv-4.5.5/build/CMakeFiles/CMakeTmp

Run Build Command(s):/usr/bin/make cmTC_67595/fast && /usr/bin/make -f CMakeFiles/cmTC_67595.dir/build.make CMakeFiles/cmTC_67595.dir/build
make[1]: Entering directory '/home/pan/opencv-4.5.5/build/CMakeFiles/CMakeTmp'
Building CXX object CMakeFiles/cmTC_67595.dir/src.cxx.o
/usr/bin/c++    -fsigned-char -W -Wall -Werror=return-type -Werror=non-virtual-dtor -Werror=address -Werror=sequence-point -Wformat -Werror=format-security -Wundef -Winit-self -Wpointer-arith -Wshadow -Wsign-promo -Wuninitialized -Wsuggest-override -Wno-delete-non-virtual-dtor -Wno-comment -Wimplicit-fallthrough=3 -Wno-strict-overflow -fdiagnostics-show-option -pthread -fomit-frame-pointer -ffunction-sections -fdata-sections    -fvisibility=hidden -fvisibility-inlines-hidden -Wno-missing-declarations -Wno-unused-parameter  -O3 -DNDEBUG  -DNDEBUG -fPIE    -Wno-missing-prototypes -std=c++11 -o CMakeFiles/cmTC_67595.dir/src.cxx.o -c /home/pan/opencv-4.5.5/build/CMakeFiles/CMakeTmp/src.cxx
cc1plus: warning: command line option ‘-Wno-missing-prototypes’ is valid for C/ObjC but not for C++
/home/pan/opencv-4.5.5/build/CMakeFiles/CMakeTmp/src.cxx:1: warning: ignoring #pragma   [-Wunknown-pragmas]
    1 | #pragma
      | 
Linking CXX executable cmTC_67595
/usr/bin/cmake -E cmake_link_script CMakeFiles/cmTC_67595.dir/link.txt --verbose=1
/usr/bin/c++     -fsigned-char -W -Wall -Werror=return-type -Werror=non-virtual-dtor -Werror=address -Werror=sequence-point -Wformat -Werror=format-security -Wundef -Winit-self -Wpointer-arith -Wshadow -Wsign-promo -Wuninitialized -Wsuggest-override -Wno-delete-non-virtual-dtor -Wno-comment -Wimplicit-fallthrough=3 -Wno-strict-overflow -fdiagnostics-show-option -pthread -fomit-frame-pointer -ffunction-sections -fdata-sections    -fvisibility=hidden -fvisibility-inlines-hidden -Wno-missing-declarations -Wno-unused-parameter  -O3 -DNDEBUG  -DNDEBUG    -Wl,--gc-sections -Wl,--as-needed  CMakeFiles/cmTC_67595.dir/src.cxx.o  -o cmTC_67595 
make[1]: Leaving directory '/home/pan/opencv-4.5.5/build/CMakeFiles/CMakeTmp'


===== END =====

Build output check failed:
    Regex: 'unrecognized .*option'
    Output line: 'cc1: warning: unrecognized command line option ‘-Wno-implicit-const-int-float-conversion’'
Compilation failed:
    source file: '/home/pan/opencv-4.5.5/build/CMakeFiles/CMakeTmp/src.c'
    check option: ' -Wno-implicit-const-int-float-conversion'
===== BUILD LOG =====
Change Dir: /home/pan/opencv-4.5.5/build/CMakeFiles/CMakeTmp

Run Build Command(s):/usr/bin/make cmTC_88012/fast && /usr/bin/make -f CMakeFiles/cmTC_88012.dir/build.make CMakeFiles/cmTC_88012.dir/build
make[1]: Entering directory '/home/pan/opencv-4.5.5/build/CMakeFiles/CMakeTmp'
Building C object CMakeFiles/cmTC_88012.dir/src.c.o
/usr/bin/cc   -fsigned-char -W -Wall -Werror=return-type -Werror=address -Werror=sequence-point -Wformat -Werror=format-security -Wmissing-declarations -Wmissing-prototypes -Wstrict-prototypes -Wundef -Winit-self -Wpointer-arith -Wshadow -Wuninitialized -Wno-comment -Wimplicit-fallthrough=3 -Wno-strict-overflow -fdiagnostics-show-option -pthread -fomit-frame-pointer -ffunction-sections -fdata-sections    -fvisibility=hidden  -O3 -DNDEBUG  -DNDEBUG -fPIE    -Wno-implicit-const-int-float-conversion -o CMakeFiles/cmTC_88012.dir/src.c.o   -c /home/pan/opencv-4.5.5/build/CMakeFiles/CMakeTmp/src.c
/home/pan/opencv-4.5.5/build/CMakeFiles/CMakeTmp/src.c:1: warning: ignoring #pragma   [-Wunknown-pragmas]
    1 | #pragma
      | 
cc1: warning: unrecognized command line option ‘-Wno-implicit-const-int-float-conversion’
Linking C executable cmTC_88012
/usr/bin/cmake -E cmake_link_script CMakeFiles/cmTC_88012.dir/link.txt --verbose=1
/usr/bin/cc    -fsigned-char -W -Wall -Werror=return-type -Werror=address -Werror=sequence-point -Wformat -Werror=format-security -Wmissing-declarations -Wmissing-prototypes -Wstrict-prototypes -Wundef -Winit-self -Wpointer-arith -Wshadow -Wuninitialized -Wno-comment -Wimplicit-fallthrough=3 -Wno-strict-overflow -fdiagnostics-show-option -pthread -fomit-frame-pointer -ffunction-sections -fdata-sections    -fvisibility=hidden  -O3 -DNDEBUG  -DNDEBUG    -Wl,--gc-sections -Wl,--as-needed  CMakeFiles/cmTC_88012.dir/src.c.o  -o cmTC_88012 
make[1]: Leaving directory '/home/pan/opencv-4.5.5/build/CMakeFiles/CMakeTmp'


===== END =====

Determining if the _aligned_malloc exist failed with the following output:
Change Dir: /home/pan/opencv-4.5.5/build/CMakeFiles/CMakeTmp

Run Build Command(s):/usr/bin/make cmTC_04f1b/fast && /usr/bin/make -f CMakeFiles/cmTC_04f1b.dir/build.make CMakeFiles/cmTC_04f1b.dir/build
make[1]: Entering directory '/home/pan/opencv-4.5.5/build/CMakeFiles/CMakeTmp'
Building C object CMakeFiles/cmTC_04f1b.dir/CheckSymbolExists.c.o
/usr/bin/cc   -fsigned-char -W -Wall -Werror=return-type -Werror=address -Werror=sequence-point -Wformat -Werror=format-security -Wmissing-declarations -Wmissing-prototypes -Wstrict-prototypes -Wundef -Winit-self -Wpointer-arith -Wshadow -Wuninitialized -Wno-comment -Wimplicit-fallthrough=3 -Wno-strict-overflow -fdiagnostics-show-option -pthread -fomit-frame-pointer -ffunction-sections -fdata-sections    -fvisibility=hidden  -O3 -DNDEBUG  -DNDEBUG -fPIE   -o CMakeFiles/cmTC_04f1b.dir/CheckSymbolExists.c.o   -c /home/pan/opencv-4.5.5/build/CMakeFiles/CMakeTmp/CheckSymbolExists.c
/home/pan/opencv-4.5.5/build/CMakeFiles/CMakeTmp/CheckSymbolExists.c: In function ‘main’:
/home/pan/opencv-4.5.5/build/CMakeFiles/CMakeTmp/CheckSymbolExists.c:8:19: error: ‘_aligned_malloc’ undeclared (first use in this function)
    8 |   return ((int*)(&_aligned_malloc))[argc];
      |                   ^~~~~~~~~~~~~~~
/home/pan/opencv-4.5.5/build/CMakeFiles/CMakeTmp/CheckSymbolExists.c:8:19: note: each undeclared identifier is reported only once for each function it appears in
/home/pan/opencv-4.5.5/build/CMakeFiles/CMakeTmp/CheckSymbolExists.c:4:14: warning: parameter ‘argc’ set but not used [-Wunused-but-set-parameter]
    4 | int main(int argc, char** argv)
      |          ~~~~^~~~
make[1]: *** [CMakeFiles/cmTC_04f1b.dir/build.make:66: CMakeFiles/cmTC_04f1b.dir/CheckSymbolExists.c.o] Error 1
make[1]: Leaving directory '/home/pan/opencv-4.5.5/build/CMakeFiles/CMakeTmp'
make: *** [Makefile:121: cmTC_04f1b/fast] Error 2


File /home/pan/opencv-4.5.5/build/CMakeFiles/CMakeTmp/CheckSymbolExists.c:
/* */
#include <malloc.h>

int main(int argc, char** argv)
{
  (void)argv;
#ifndef _aligned_malloc
  return ((int*)(&_aligned_malloc))[argc];
#else
  (void)argc;
  return 0;
#endif
}
Build output check failed:
    Regex: 'unrecognized .*option'
    Output line: 'cc1plus: warning: unrecognized command line option ‘-Wno-inconsistent-missing-override’'
Compilation failed:
    source file: '/home/pan/opencv-4.5.5/build/CMakeFiles/CMakeTmp/src.cxx'
    check option: ' -Wno-inconsistent-missing-override'
===== BUILD LOG =====
Change Dir: /home/pan/opencv-4.5.5/build/CMakeFiles/CMakeTmp

Run Build Command(s):/usr/bin/make cmTC_5d54d/fast && /usr/bin/make -f CMakeFiles/cmTC_5d54d.dir/build.make CMakeFiles/cmTC_5d54d.dir/build
make[1]: Entering directory '/home/pan/opencv-4.5.5/build/CMakeFiles/CMakeTmp'
Building CXX object CMakeFiles/cmTC_5d54d.dir/src.cxx.o
/usr/bin/c++    -fsigned-char -W -Wall -Werror=return-type -Werror=non-virtual-dtor -Werror=address -Werror=sequence-point -Wformat -Werror=format-security -Winit-self -Wpointer-arith -Wsign-promo -Wno-delete-non-virtual-dtor -Wno-comment -Wimplicit-fallthrough=3 -Wno-strict-overflow -fdiagnostics-show-option -pthread -fomit-frame-pointer -ffunction-sections -fdata-sections    -fvisibility=hidden -fvisibility-inlines-hidden -Wno-shadow -Wno-unused -Wno-sign-compare -Wno-undef -Wno-missing-declarations -Wno-uninitialized -Wno-switch -Wno-parentheses -Wno-array-bounds -Wno-extra -Wno-deprecated-declarations -Wno-misleading-indentation -Wno-deprecated -Wno-suggest-override  -O3 -DNDEBUG  -DNDEBUG -fPIE    -Wno-inconsistent-missing-override -std=c++11 -o CMakeFiles/cmTC_5d54d.dir/src.cxx.o -c /home/pan/opencv-4.5.5/build/CMakeFiles/CMakeTmp/src.cxx
/home/pan/opencv-4.5.5/build/CMakeFiles/CMakeTmp/src.cxx:1: warning: ignoring #pragma   [-Wunknown-pragmas]
    1 | #pragma
      | 
cc1plus: warning: unrecognized command line option ‘-Wno-inconsistent-missing-override’
Linking CXX executable cmTC_5d54d
/usr/bin/cmake -E cmake_link_script CMakeFiles/cmTC_5d54d.dir/link.txt --verbose=1
/usr/bin/c++     -fsigned-char -W -Wall -Werror=return-type -Werror=non-virtual-dtor -Werror=address -Werror=sequence-point -Wformat -Werror=format-security -Winit-self -Wpointer-arith -Wsign-promo -Wno-delete-non-virtual-dtor -Wno-comment -Wimplicit-fallthrough=3 -Wno-strict-overflow -fdiagnostics-show-option -pthread -fomit-frame-pointer -ffunction-sections -fdata-sections    -fvisibility=hidden -fvisibility-inlines-hidden -Wno-shadow -Wno-unused -Wno-sign-compare -Wno-undef -Wno-missing-declarations -Wno-uninitialized -Wno-switch -Wno-parentheses -Wno-array-bounds -Wno-extra -Wno-deprecated-declarations -Wno-misleading-indentation -Wno-deprecated -Wno-suggest-override  -O3 -DNDEBUG  -DNDEBUG    -Wl,--gc-sections -Wl,--as-needed  CMakeFiles/cmTC_5d54d.dir/src.cxx.o  -o cmTC_5d54d 
make[1]: Leaving directory '/home/pan/opencv-4.5.5/build/CMakeFiles/CMakeTmp'


===== END =====

Build output check failed:
    Regex: 'unrecognized .*option'
    Output line: 'cc1plus: warning: unrecognized command line option ‘-Wno-implicit-const-int-float-conversion’'
Compilation failed:
    source file: '/home/pan/opencv-4.5.5/build/CMakeFiles/CMakeTmp/src.cxx'
    check option: ' -Wno-implicit-const-int-float-conversion'
===== BUILD LOG =====
Change Dir: /home/pan/opencv-4.5.5/build/CMakeFiles/CMakeTmp

Run Build Command(s):/usr/bin/make cmTC_3b843/fast && /usr/bin/make -f CMakeFiles/cmTC_3b843.dir/build.make CMakeFiles/cmTC_3b843.dir/build
make[1]: Entering directory '/home/pan/opencv-4.5.5/build/CMakeFiles/CMakeTmp'
Building CXX object CMakeFiles/cmTC_3b843.dir/src.cxx.o
/usr/bin/c++    -fsigned-char -W -Wall -Werror=return-type -Werror=non-virtual-dtor -Werror=address -Werror=sequence-point -Wformat -Werror=format-security -Winit-self -Wpointer-arith -Wsign-promo -Wno-delete-non-virtual-dtor -Wno-comment -Wno-strict-overflow -fdiagnostics-show-option -pthread -fomit-frame-pointer -ffunction-sections -fdata-sections    -fvisibility=hidden -fvisibility-inlines-hidden -Wno-shadow -Wno-unused -Wno-sign-compare -Wno-undef -Wno-missing-declarations -Wno-uninitialized -Wno-switch -Wno-parentheses -Wno-array-bounds -Wno-extra -Wno-deprecated-declarations -Wno-misleading-indentation -Wno-deprecated -Wno-suggest-override -Wno-implicit-fallthrough -Wno-tautological-compare -Wno-reorder -Wno-unused-result  -O3 -DNDEBUG  -DNDEBUG -fPIE    -Wno-implicit-const-int-float-conversion -std=c++11 -o CMakeFiles/cmTC_3b843.dir/src.cxx.o -c /home/pan/opencv-4.5.5/build/CMakeFiles/CMakeTmp/src.cxx
/home/pan/opencv-4.5.5/build/CMakeFiles/CMakeTmp/src.cxx:1: warning: ignoring #pragma   [-Wunknown-pragmas]
    1 | #pragma
      | 
cc1plus: warning: unrecognized command line option ‘-Wno-implicit-const-int-float-conversion’
Linking CXX executable cmTC_3b843
/usr/bin/cmake -E cmake_link_script CMakeFiles/cmTC_3b843.dir/link.txt --verbose=1
/usr/bin/c++     -fsigned-char -W -Wall -Werror=return-type -Werror=non-virtual-dtor -Werror=address -Werror=sequence-point -Wformat -Werror=format-security -Winit-self -Wpointer-arith -Wsign-promo -Wno-delete-non-virtual-dtor -Wno-comment -Wno-strict-overflow -fdiagnostics-show-option -pthread -fomit-frame-pointer -ffunction-sections -fdata-sections    -fvisibility=hidden -fvisibility-inlines-hidden -Wno-shadow -Wno-unused -Wno-sign-compare -Wno-undef -Wno-missing-declarations -Wno-uninitialized -Wno-switch -Wno-parentheses -Wno-array-bounds -Wno-extra -Wno-deprecated-declarations -Wno-misleading-indentation -Wno-deprecated -Wno-suggest-override -Wno-implicit-fallthrough -Wno-tautological-compare -Wno-reorder -Wno-unused-result  -O3 -DNDEBUG  -DNDEBUG    -Wl,--gc-sections -Wl,--as-needed  CMakeFiles/cmTC_3b843.dir/src.cxx.o  -o cmTC_3b843 
make[1]: Leaving directory '/home/pan/opencv-4.5.5/build/CMakeFiles/CMakeTmp'


===== END =====

Determining if the function sgemm_ exists failed with the following output:
Change Dir: /home/pan/opencv-4.5.5/build/CMakeFiles/CMakeTmp

Run Build Command(s):/usr/bin/make cmTC_76081/fast && /usr/bin/make -f CMakeFiles/cmTC_76081.dir/build.make CMakeFiles/cmTC_76081.dir/build
make[1]: Entering directory '/home/pan/opencv-4.5.5/build/CMakeFiles/CMakeTmp'
Building C object CMakeFiles/cmTC_76081.dir/CheckFunctionExists.c.o
/usr/bin/cc   -fsigned-char -W -Wall -Werror=return-type -Werror=address -Werror=sequence-point -Wformat -Werror=format-security -Wmissing-declarations -Wmissing-prototypes -Wstrict-prototypes -Wundef -Winit-self -Wpointer-arith -Wshadow -Wuninitialized -Wno-comment -Wimplicit-fallthrough=3 -Wno-strict-overflow -fdiagnostics-show-option -pthread -fomit-frame-pointer -ffunction-sections -fdata-sections    -fvisibility=hidden -DCHECK_FUNCTION_EXISTS=sgemm_ -O3 -DNDEBUG  -DNDEBUG -fPIE   -o CMakeFiles/cmTC_76081.dir/CheckFunctionExists.c.o   -c /usr/share/cmake-3.16/Modules/CheckFunctionExists.c
Linking C executable cmTC_76081
/usr/bin/cmake -E cmake_link_script CMakeFiles/cmTC_76081.dir/link.txt --verbose=1
/usr/bin/cc    -fsigned-char -W -Wall -Werror=return-type -Werror=address -Werror=sequence-point -Wformat -Werror=format-security -Wmissing-declarations -Wmissing-prototypes -Wstrict-prototypes -Wundef -Winit-self -Wpointer-arith -Wshadow -Wuninitialized -Wno-comment -Wimplicit-fallthrough=3 -Wno-strict-overflow -fdiagnostics-show-option -pthread -fomit-frame-pointer -ffunction-sections -fdata-sections    -fvisibility=hidden -DCHECK_FUNCTION_EXISTS=sgemm_ -O3 -DNDEBUG  -DNDEBUG    -Wl,--gc-sections -Wl,--as-needed  CMakeFiles/cmTC_76081.dir/CheckFunctionExists.c.o  -o cmTC_76081 
/usr/bin/ld: CMakeFiles/cmTC_76081.dir/CheckFunctionExists.c.o: in function `main':
CheckFunctionExists.c:(.text.startup.main+0x10): undefined reference to `sgemm_'
collect2: error: ld returned 1 exit status
make[1]: *** [CMakeFiles/cmTC_76081.dir/build.make:87: cmTC_76081] Error 1
make[1]: Leaving directory '/home/pan/opencv-4.5.5/build/CMakeFiles/CMakeTmp'
make: *** [Makefile:121: cmTC_76081/fast] Error 2



Build output check failed:
    Regex: 'unrecognized .*option'
    Output line: 'cc1plus: warning: unrecognized command line option ‘-Wno-tautological-undefined-compare’'
Compilation failed:
    source file: '/home/pan/opencv-4.5.5/build/CMakeFiles/CMakeTmp/src.cxx'
    check option: ' -Wno-tautological-undefined-compare'
===== BUILD LOG =====
Change Dir: /home/pan/opencv-4.5.5/build/CMakeFiles/CMakeTmp

Run Build Command(s):/usr/bin/make cmTC_87904/fast && /usr/bin/make -f CMakeFiles/cmTC_87904.dir/build.make CMakeFiles/cmTC_87904.dir/build
make[1]: Entering directory '/home/pan/opencv-4.5.5/build/CMakeFiles/CMakeTmp'
Building CXX object CMakeFiles/cmTC_87904.dir/src.cxx.o
/usr/bin/c++    -fsigned-char -W -Wall -Werror=return-type -Werror=non-virtual-dtor -Werror=address -Werror=sequence-point -Wformat -Werror=format-security -Winit-self -Wpointer-arith -Wuninitialized -Wsuggest-override -Wno-delete-non-virtual-dtor -Wno-comment -Wimplicit-fallthrough=3 -Wno-strict-overflow -fdiagnostics-show-option -pthread -fomit-frame-pointer -ffunction-sections -fdata-sections    -fvisibility=hidden -fvisibility-inlines-hidden -Wno-deprecated -Wno-missing-declarations -Wno-shadow -Wno-unused-parameter -Wno-unused-local-typedefs -Wno-sign-compare -Wno-sign-promo -Wno-undef  -O3 -DNDEBUG  -DNDEBUG -fPIE    -Wno-tautological-undefined-compare -std=c++11 -o CMakeFiles/cmTC_87904.dir/src.cxx.o -c /home/pan/opencv-4.5.5/build/CMakeFiles/CMakeTmp/src.cxx
/home/pan/opencv-4.5.5/build/CMakeFiles/CMakeTmp/src.cxx:1: warning: ignoring #pragma   [-Wunknown-pragmas]
    1 | #pragma
      | 
cc1plus: warning: unrecognized command line option ‘-Wno-tautological-undefined-compare’
Linking CXX executable cmTC_87904
/usr/bin/cmake -E cmake_link_script CMakeFiles/cmTC_87904.dir/link.txt --verbose=1
/usr/bin/c++     -fsigned-char -W -Wall -Werror=return-type -Werror=non-virtual-dtor -Werror=address -Werror=sequence-point -Wformat -Werror=format-security -Winit-self -Wpointer-arith -Wuninitialized -Wsuggest-override -Wno-delete-non-virtual-dtor -Wno-comment -Wimplicit-fallthrough=3 -Wno-strict-overflow -fdiagnostics-show-option -pthread -fomit-frame-pointer -ffunction-sections -fdata-sections    -fvisibility=hidden -fvisibility-inlines-hidden -Wno-deprecated -Wno-missing-declarations -Wno-shadow -Wno-unused-parameter -Wno-unused-local-typedefs -Wno-sign-compare -Wno-sign-promo -Wno-undef  -O3 -DNDEBUG  -DNDEBUG    -Wl,--gc-sections -Wl,--as-needed  CMakeFiles/cmTC_87904.dir/src.cxx.o  -o cmTC_87904 
make[1]: Leaving directory '/home/pan/opencv-4.5.5/build/CMakeFiles/CMakeTmp'


===== END =====

Build output check failed:
    Regex: 'unrecognized .*option'
    Output line: 'cc1plus: warning: unrecognized command line option ‘-Wno-shorten-64-to-32’'
Compilation failed:
    source file: '/home/pan/opencv-4.5.5/build/CMakeFiles/CMakeTmp/src.cxx'
    check option: ' -Wno-shorten-64-to-32'
===== BUILD LOG =====
Change Dir: /home/pan/opencv-4.5.5/build/CMakeFiles/CMakeTmp

Run Build Command(s):/usr/bin/make cmTC_11c26/fast && /usr/bin/make -f CMakeFiles/cmTC_11c26.dir/build.make CMakeFiles/cmTC_11c26.dir/build
make[1]: Entering directory '/home/pan/opencv-4.5.5/build/CMakeFiles/CMakeTmp'
Building CXX object CMakeFiles/cmTC_11c26.dir/src.cxx.o
/usr/bin/c++    -fsigned-char -W -Wall -Werror=return-type -Werror=non-virtual-dtor -Werror=address -Werror=sequence-point -Wformat -Werror=format-security -Winit-self -Wpointer-arith -Wuninitialized -Wsuggest-override -Wno-delete-non-virtual-dtor -Wno-comment -Wimplicit-fallthrough=3 -Wno-strict-overflow -fdiagnostics-show-option -pthread -fomit-frame-pointer -ffunction-sections -fdata-sections    -fvisibility=hidden -fvisibility-inlines-hidden -Wno-deprecated -Wno-missing-declarations -Wno-shadow -Wno-unused-parameter -Wno-unused-local-typedefs -Wno-sign-compare -Wno-sign-promo -Wno-undef -Wno-ignored-qualifiers -Wno-extra -Wno-unused-function -Wno-unused-const-variable  -O3 -DNDEBUG  -DNDEBUG -fPIE    -Wno-shorten-64-to-32 -std=c++11 -o CMakeFiles/cmTC_11c26.dir/src.cxx.o -c /home/pan/opencv-4.5.5/build/CMakeFiles/CMakeTmp/src.cxx
/home/pan/opencv-4.5.5/build/CMakeFiles/CMakeTmp/src.cxx:1: warning: ignoring #pragma   [-Wunknown-pragmas]
    1 | #pragma
      | 
cc1plus: warning: unrecognized command line option ‘-Wno-shorten-64-to-32’
Linking CXX executable cmTC_11c26
/usr/bin/cmake -E cmake_link_script CMakeFiles/cmTC_11c26.dir/link.txt --verbose=1
/usr/bin/c++     -fsigned-char -W -Wall -Werror=return-type -Werror=non-virtual-dtor -Werror=address -Werror=sequence-point -Wformat -Werror=format-security -Winit-self -Wpointer-arith -Wuninitialized -Wsuggest-override -Wno-delete-non-virtual-dtor -Wno-comment -Wimplicit-fallthrough=3 -Wno-strict-overflow -fdiagnostics-show-option -pthread -fomit-frame-pointer -ffunction-sections -fdata-sections    -fvisibility=hidden -fvisibility-inlines-hidden -Wno-deprecated -Wno-missing-declarations -Wno-shadow -Wno-unused-parameter -Wno-unused-local-typedefs -Wno-sign-compare -Wno-sign-promo -Wno-undef -Wno-ignored-qualifiers -Wno-extra -Wno-unused-function -Wno-unused-const-variable  -O3 -DNDEBUG  -DNDEBUG    -Wl,--gc-sections -Wl,--as-needed  CMakeFiles/cmTC_11c26.dir/src.cxx.o  -o cmTC_11c26 
make[1]: Leaving directory '/home/pan/opencv-4.5.5/build/CMakeFiles/CMakeTmp'


===== END =====

Build output check failed:
    Regex: 'unrecognized .*option'
    Output line: 'cc1plus: warning: unrecognized command line option ‘-Wno-enum-compare-switch’'
Compilation failed:
    source file: '/home/pan/opencv-4.5.5/build/CMakeFiles/CMakeTmp/src.cxx'
    check option: ' -Wno-enum-compare-switch'
===== BUILD LOG =====
Change Dir: /home/pan/opencv-4.5.5/build/CMakeFiles/CMakeTmp

Run Build Command(s):/usr/bin/make cmTC_6d7c0/fast && /usr/bin/make -f CMakeFiles/cmTC_6d7c0.dir/build.make CMakeFiles/cmTC_6d7c0.dir/build
make[1]: Entering directory '/home/pan/opencv-4.5.5/build/CMakeFiles/CMakeTmp'
Building CXX object CMakeFiles/cmTC_6d7c0.dir/src.cxx.o
/usr/bin/c++    -fsigned-char -W -Wall -Werror=return-type -Werror=non-virtual-dtor -Werror=address -Werror=sequence-point -Wformat -Werror=format-security -Winit-self -Wpointer-arith -Wuninitialized -Wsuggest-override -Wno-delete-non-virtual-dtor -Wno-comment -Wimplicit-fallthrough=3 -Wno-strict-overflow -fdiagnostics-show-option -pthread -fomit-frame-pointer -ffunction-sections -fdata-sections    -fvisibility=hidden -fvisibility-inlines-hidden -Wno-deprecated -Wno-missing-declarations -Wno-shadow -Wno-unused-parameter -Wno-unused-local-typedefs -Wno-sign-compare -Wno-sign-promo -Wno-undef -Wno-ignored-qualifiers -Wno-extra -Wno-unused-function -Wno-unused-const-variable -Wno-invalid-offsetof  -O3 -DNDEBUG  -DNDEBUG -fPIE    -Wno-enum-compare-switch -std=c++11 -o CMakeFiles/cmTC_6d7c0.dir/src.cxx.o -c /home/pan/opencv-4.5.5/build/CMakeFiles/CMakeTmp/src.cxx
/home/pan/opencv-4.5.5/build/CMakeFiles/CMakeTmp/src.cxx:1: warning: ignoring #pragma   [-Wunknown-pragmas]
    1 | #pragma
      | 
cc1plus: warning: unrecognized command line option ‘-Wno-enum-compare-switch’
Linking CXX executable cmTC_6d7c0
/usr/bin/cmake -E cmake_link_script CMakeFiles/cmTC_6d7c0.dir/link.txt --verbose=1
/usr/bin/c++     -fsigned-char -W -Wall -Werror=return-type -Werror=non-virtual-dtor -Werror=address -Werror=sequence-point -Wformat -Werror=format-security -Winit-self -Wpointer-arith -Wuninitialized -Wsuggest-override -Wno-delete-non-virtual-dtor -Wno-comment -Wimplicit-fallthrough=3 -Wno-strict-overflow -fdiagnostics-show-option -pthread -fomit-frame-pointer -ffunction-sections -fdata-sections    -fvisibility=hidden -fvisibility-inlines-hidden -Wno-deprecated -Wno-missing-declarations -Wno-shadow -Wno-unused-parameter -Wno-unused-local-typedefs -Wno-sign-compare -Wno-sign-promo -Wno-undef -Wno-ignored-qualifiers -Wno-extra -Wno-unused-function -Wno-unused-const-variable -Wno-invalid-offsetof  -O3 -DNDEBUG  -DNDEBUG    -Wl,--gc-sections -Wl,--as-needed  CMakeFiles/cmTC_6d7c0.dir/src.cxx.o  -o cmTC_6d7c0 
make[1]: Leaving directory '/home/pan/opencv-4.5.5/build/CMakeFiles/CMakeTmp'


===== END =====

Determining if the include file sys/videoio.h exists failed with the following output:
Change Dir: /home/pan/opencv-4.5.5/build/CMakeFiles/CMakeTmp

Run Build Command(s):/usr/bin/make cmTC_5fb5c/fast && /usr/bin/make -f CMakeFiles/cmTC_5fb5c.dir/build.make CMakeFiles/cmTC_5fb5c.dir/build
make[1]: Entering directory '/home/pan/opencv-4.5.5/build/CMakeFiles/CMakeTmp'
Building C object CMakeFiles/cmTC_5fb5c.dir/CheckIncludeFile.c.o
/usr/bin/cc   -fsigned-char -W -Wall -Werror=return-type -Werror=address -Werror=sequence-point -Wformat -Werror=format-security -Wmissing-declarations -Wmissing-prototypes -Wstrict-prototypes -Wundef -Winit-self -Wpointer-arith -Wshadow -Wuninitialized -Wno-comment -Wimplicit-fallthrough=3 -Wno-strict-overflow -fdiagnostics-show-option -pthread -fomit-frame-pointer -ffunction-sections -fdata-sections    -fvisibility=hidden  -O3 -DNDEBUG  -DNDEBUG -fPIE   -o CMakeFiles/cmTC_5fb5c.dir/CheckIncludeFile.c.o   -c /home/pan/opencv-4.5.5/build/CMakeFiles/CMakeTmp/CheckIncludeFile.c
/home/pan/opencv-4.5.5/build/CMakeFiles/CMakeTmp/CheckIncludeFile.c:1:10: fatal error: sys/videoio.h: No such file or directory
    1 | #include <sys/videoio.h>
      |          ^~~~~~~~~~~~~~~
compilation terminated.
make[1]: *** [CMakeFiles/cmTC_5fb5c.dir/build.make:66: CMakeFiles/cmTC_5fb5c.dir/CheckIncludeFile.c.o] Error 1
make[1]: Leaving directory '/home/pan/opencv-4.5.5/build/CMakeFiles/CMakeTmp'
make: *** [Makefile:121: cmTC_5fb5c/fast] Error 2



